[2025-03-11 15:51:01,895] multiqc                                            [DEBUG  ]  This is MultiQC v1.19
[2025-03-11 15:51:01,899] multiqc                                            [DEBUG  ]  Loading config settings from: multiqc_config.yml
[2025-03-11 15:51:01,899] multiqc                                            [DEBUG  ]  New config: {'report_comment': 'This report has been generated by the <a href="https://github.com/nf-core/rnaseq/releases/tag/3.14.0" target="_blank">nf-core/rnaseq</a> analysis pipeline. For information about how to interpret these results, please see the <a href="https://nf-co.re/rnaseq/3.14.0/docs/output" target="_blank">documentation</a>.\n', 'report_section_order': {'nf-core-rnaseq-methods-description': {'order': -1000}, 'software_versions': {'order': -1001}, 'nf-core-rnaseq-summary': {'order': -1002}}, 'export_plots': True, 'disable_version_detection': True, 'run_modules': ['custom_content', 'fastqc', 'cutadapt', 'fastp', 'sortmerna', 'star', 'hisat2', 'rsem', 'salmon', 'kallisto', 'samtools', 'picard', 'preseq', 'rseqc', 'qualimap'], 'top_modules': ['fail_trimmed_samples', 'fail_mapped_samples', 'fail_strand_check', 'star_rsem_deseq2_pca', 'star_rsem_deseq2_clustering', 'star_salmon_deseq2_pca', 'star_salmon_deseq2_clustering', 'salmon_deseq2_pca', 'salmon_deseq2_clustering', 'biotype_counts', 'dupradar'], 'module_order': [{'fastqc': {'name': 'FastQC (raw)', 'info': 'This section of the report shows FastQC results before adapter trimming.', 'path_filters': ['./fastqc/raw/*.zip']}}, 'cutadapt', 'fastp', {'fastqc': {'name': 'FastQC (trimmed)', 'info': 'This section of the report shows FastQC results after adapter trimming.', 'path_filters': ['./fastqc/trim/*.zip']}}], 'table_columns_visible': {'fastqc': {'percent_duplicates': False}}, 'custom_data': {'fail_trimmed_samples': {'section_name': 'WARNING: Fail Trimming Check', 'description': "List of samples that failed the minimum trimmed reads threshold specified via the '--min_trimmed_reads' parameter, and hence were ignored for the downstream processing steps.", 'plot_type': 'table', 'pconfig': {'id': 'fail_trimmed_samples_table', 'table_title': 'Samples failed trimming threshold', 'namespace': 'Samples failed trimming threshold', 'format': '{:.0f}'}}, 'fail_mapped_samples': {'section_name': 'WARNING: Fail Alignment Check', 'description': "List of samples that failed the STAR minimum mapped reads threshold specified via the '--min_mapped_reads' parameter, and hence were ignored for the downstream processing steps.", 'plot_type': 'table', 'pconfig': {'id': 'fail_mapped_samples_table', 'table_title': 'Samples failed mapping threshold', 'namespace': 'Samples failed mapping threshold', 'format': '{:.2f}'}}, 'fail_strand_check': {'section_name': 'WARNING: Fail Strand Check', 'description': "List of samples that failed the strandedness check between that provided in the samplesheet and calculated by the <a href='http://rseqc.sourceforge.net/#infer-experiment-py'>RSeQC infer_experiment.py</a> tool.", 'plot_type': 'table', 'pconfig': {'id': 'fail_strand_check_table', 'table_title': 'Samples failed strandedness check', 'namespace': 'Samples failed strandedness check', 'format': '{:.2f}'}}}}
[2025-03-11 15:51:01,899] multiqc                                            [DEBUG  ]  Added to filename patterns: [{'cutadapt': {'fn': '*trimming_report.txt'}, 'fastp': {'fn': '*.fastp.json'}, 'sortmerna': {'fn': '*.sortmerna.log'}, 'hisat2': {'fn': '*.hisat2.summary.log'}, 'salmon/meta': {'fn': 'meta_info.json'}, 'preseq': {'fn': '*.lc_extrap.txt'}, 'samtools/stats': {'fn': '*.stats'}, 'samtools/flagstat': {'fn': '*.flagstat'}, 'samtools/idxstats': {'fn': '*.idxstats*'}, 'rseqc/bam_stat': {'fn': '*.bam_stat.txt'}, 'rseqc/gene_body_coverage': {'skip': True}, 'rseqc/junction_annotation': {'fn': '*.junction_annotation.log'}, 'rseqc/read_gc': {'skip': True}, 'rseqc/read_distribution': {'fn': '*.read_distribution.txt'}, 'rseqc/infer_experiment': {'fn': '*.infer_experiment.txt'}, 'rseqc/tin': {'fn': '*.summary.txt'}, 'picard/markdups': {'fn': '*.MarkDuplicates.metrics.txt'}, 'picard/alignment_metrics': {'skip': True}, 'picard/basedistributionbycycle': {'skip': True}, 'picard/gcbias': {'skip': True}, 'picard/hsmetrics': {'skip': True}, 'picard/insertsize': {'skip': True}, 'picard/oxogmetrics': {'skip': True}, 'picard/pcr_metrics': {'skip': True}, 'picard/quality_by_cycle': {'skip': True}, 'picard/quality_score_distribution': {'skip': True}, 'picard/quality_yield_metrics': {'skip': True}, 'picard/rnaseqmetrics': {'skip': True}, 'picard/rrbs_metrics': {'skip': True}, 'picard/sam_file_validation': {'skip': True}, 'picard/variant_calling_metrics': {'skip': True}, 'picard/wgs_metrics': {'skip': True}}]
[2025-03-11 15:51:01,899] multiqc                                            [DEBUG  ]  Added to filename clean extensions: [['.umi_dedup', '_val', '.markdup', '_primary']]
[2025-03-11 15:51:01,899] multiqc                                            [DEBUG  ]  Command used: /usr/local/bin/multiqc -n multiqc_report.html -f .
[2025-03-11 15:51:02,604] multiqc                                            [WARNING]  MultiQC Version v1.27.1 now available!
[2025-03-11 15:51:02,604] multiqc                                            [DEBUG  ]  Working dir : /home/jaime/work/5f/175b5cc37ac610ad90fb2058efb19c
[2025-03-11 15:51:02,604] multiqc                                            [DEBUG  ]  Template    : default
[2025-03-11 15:51:02,604] multiqc                                            [DEBUG  ]  Running Python 3.11.7 | packaged by conda-forge | (main, Dec 15 2023, 08:38:37) [GCC 12.3.0]
[2025-03-11 15:51:02,605] multiqc                                            [INFO   ]  Only using modules: custom_content, fastqc, cutadapt, fastp, sortmerna, star, hisat2, rsem, salmon, kallisto, samtools, picard, preseq, rseqc, qualimap
[2025-03-11 15:51:02,605] multiqc                                            [DEBUG  ]  Analysing modules: custom_content, hisat2, kallisto, picard, preseq, qualimap, rsem, rseqc, salmon, samtools, sortmerna, star, fastqc, cutadapt, fastp, fastqc
[2025-03-11 15:51:02,605] multiqc                                            [DEBUG  ]  Using temporary directory for creating report: /tmp/tmpedpy91gz
[2025-03-11 15:51:02,607] multiqc                                            [INFO   ]  Search path : /home/jaime/work/5f/175b5cc37ac610ad90fb2058efb19c
[2025-03-11 15:51:02,609] multiqc                                            [DEBUG  ]  Ignored 256 search patterns as didn't match running modules.
[2025-03-11 15:51:02,609] multiqc                                            [INFO   ]  Skipping 17 file search patterns
[2025-03-11 15:51:02,609] multiqc                                            [DEBUG  ]  Skipping search patterns: picard/alignment_metrics, picard/basedistributionbycycle, picard/gcbias, picard/hsmetrics, picard/insertsize, picard/oxogmetrics, picard/pcr_metrics, picard/quality_by_cycle, picard/quality_score_distribution, picard/quality_yield_metrics, picard/rnaseqmetrics, picard/rrbs_metrics, picard/sam_file_validation, picard/variant_calling_metrics, picard/wgs_metrics, rseqc/gene_body_coverage, rseqc/read_gc
[2025-03-11 15:51:02,690] multiqc                                            [DEBUG  ]  Summary of files that were skipped by the search: [skipped_no_match: 584]
[2025-03-11 15:51:03,069] multiqc.plots.bargraph                             [DEBUG  ]  Using matplotlib version 3.8.2
[2025-03-11 15:51:03,071] multiqc.plots.linegraph                            [DEBUG  ]  Using matplotlib version 3.8.2
[2025-03-11 15:51:03,118] multiqc.modules.custom_content.custom_content      [INFO   ]  nf-core-rnaseq-summary: Found 1 sample (html)
[2025-03-11 15:51:03,118] multiqc.modules.custom_content.custom_content      [INFO   ]  software_versions: Found 1 sample (html)
[2025-03-11 15:51:03,118] multiqc.modules.custom_content.custom_content      [INFO   ]  nf-core-rnaseq-methods-description: Found 1 sample (html)
[2025-03-11 15:51:03,118] multiqc                                            [DEBUG  ]  multiqc_star_salmon_deseq2_clustering-plot could not be saved as tsv/csv. Falling back to YAML.
[2025-03-11 15:51:03,120] multiqc.modules.custom_content.custom_content      [INFO   ]  star_salmon_deseq2_clustering: Found 18 samples (heatmap)
[2025-03-11 15:51:03,120] multiqc.modules.custom_content.custom_content      [INFO   ]  star_salmon_deseq2_pca: Found 18 samples (scatter)
[2025-03-11 15:51:05,491] multiqc.modules.custom_content.custom_content      [INFO   ]  dupradar: Found 18 samples (linegraph)
[2025-03-11 15:51:05,491] multiqc.modules.custom_content.custom_content      [INFO   ]  DupInt: Found 18 General Statistics columns
[2025-03-11 15:51:05,921] multiqc.modules.picard.picard                      [INFO   ]  Found 18 MarkDuplicates reports
[2025-03-11 15:51:06,829] multiqc.modules.qualimap.qualimap                  [INFO   ]  Found 18 RNASeq reports
[2025-03-11 15:51:07,466] multiqc.modules.rseqc.rseqc                        [INFO   ]  Found 18 read_distribution reports
[2025-03-11 15:51:07,970] multiqc.modules.rseqc.rseqc                        [INFO   ]  Found 18 read_duplication reports
[2025-03-11 15:51:08,865] multiqc.modules.rseqc.rseqc                        [INFO   ]  Found 18 junction_annotation reports
[2025-03-11 15:51:09,501] multiqc.modules.rseqc.rseqc                        [INFO   ]  Found 18 junction_saturation reports
[2025-03-11 15:51:09,734] multiqc.modules.rseqc.rseqc                        [INFO   ]  Found 18 infer_experiment reports
[2025-03-11 15:51:09,738] multiqc.modules.rseqc.rseqc                        [INFO   ]  Found 18 bam_stat reports
[2025-03-11 15:51:10,158] multiqc.modules.samtools.samtools                  [INFO   ]  Found 18 stats reports
[2025-03-11 15:51:10,162] multiqc.modules.samtools.samtools                  [INFO   ]  Found 18 flagstat reports
[2025-03-11 15:51:11,612] multiqc.modules.samtools.samtools                  [INFO   ]  Found 18 idxstats reports
[2025-03-11 15:51:11,617] multiqc.modules.star.star                          [INFO   ]  Found 18 reports
[2025-03-11 15:51:12,178] multiqc.modules.base_module                        [DEBUG  ]  fastqc/zip - Selecting './fastqc/raw/P29-215_3_fastqc.zip' as it matched the path_filters for 'FastQC (raw)'
[2025-03-11 15:51:12,193] multiqc.modules.base_module                        [DEBUG  ]  fastqc/zip - Selecting './fastqc/raw/P29-354_2_fastqc.zip' as it matched the path_filters for 'FastQC (raw)'
[2025-03-11 15:51:12,207] multiqc.modules.base_module                        [DEBUG  ]  fastqc/zip - Selecting './fastqc/raw/P29-354_1_fastqc.zip' as it matched the path_filters for 'FastQC (raw)'
[2025-03-11 15:51:12,222] multiqc.modules.base_module                        [DEBUG  ]  fastqc/zip - Selecting './fastqc/raw/C-354_3_fastqc.zip' as it matched the path_filters for 'FastQC (raw)'
[2025-03-11 15:51:12,236] multiqc.modules.base_module                        [DEBUG  ]  fastqc/zip - Selecting './fastqc/raw/P29-215_1_fastqc.zip' as it matched the path_filters for 'FastQC (raw)'
[2025-03-11 15:51:12,251] multiqc.modules.base_module                        [DEBUG  ]  fastqc/zip - Selecting './fastqc/raw/Q2-215_2_fastqc.zip' as it matched the path_filters for 'FastQC (raw)'
[2025-03-11 15:51:12,265] multiqc.modules.base_module                        [DEBUG  ]  fastqc/zip - Selecting './fastqc/raw/C-354_2_fastqc.zip' as it matched the path_filters for 'FastQC (raw)'
[2025-03-11 15:51:12,278] multiqc.modules.base_module                        [DEBUG  ]  fastqc/zip - Selecting './fastqc/raw/Q2-215_3_fastqc.zip' as it matched the path_filters for 'FastQC (raw)'
[2025-03-11 15:51:12,292] multiqc.modules.base_module                        [DEBUG  ]  fastqc/zip - Selecting './fastqc/raw/Q2-354_2_fastqc.zip' as it matched the path_filters for 'FastQC (raw)'
[2025-03-11 15:51:12,306] multiqc.modules.base_module                        [DEBUG  ]  fastqc/zip - Selecting './fastqc/raw/C-215_1_fastqc.zip' as it matched the path_filters for 'FastQC (raw)'
[2025-03-11 15:51:12,320] multiqc.modules.base_module                        [DEBUG  ]  fastqc/zip - Selecting './fastqc/raw/C-354_1_fastqc.zip' as it matched the path_filters for 'FastQC (raw)'
[2025-03-11 15:51:12,333] multiqc.modules.base_module                        [DEBUG  ]  fastqc/zip - Selecting './fastqc/raw/Q2-354_3_fastqc.zip' as it matched the path_filters for 'FastQC (raw)'
[2025-03-11 15:51:12,347] multiqc.modules.base_module                        [DEBUG  ]  fastqc/zip - Selecting './fastqc/raw/Q2-215_1_fastqc.zip' as it matched the path_filters for 'FastQC (raw)'
[2025-03-11 15:51:12,361] multiqc.modules.base_module                        [DEBUG  ]  fastqc/zip - Selecting './fastqc/raw/C-215_2_fastqc.zip' as it matched the path_filters for 'FastQC (raw)'
[2025-03-11 15:51:12,375] multiqc.modules.base_module                        [DEBUG  ]  fastqc/zip - Selecting './fastqc/raw/C-215_3_fastqc.zip' as it matched the path_filters for 'FastQC (raw)'
[2025-03-11 15:51:12,389] multiqc.modules.base_module                        [DEBUG  ]  fastqc/zip - Selecting './fastqc/raw/P29-215_2_fastqc.zip' as it matched the path_filters for 'FastQC (raw)'
[2025-03-11 15:51:12,402] multiqc.modules.base_module                        [DEBUG  ]  fastqc/zip - Selecting './fastqc/raw/Q2-354_1_fastqc.zip' as it matched the path_filters for 'FastQC (raw)'
[2025-03-11 15:51:12,416] multiqc.modules.base_module                        [DEBUG  ]  fastqc/zip - Selecting './fastqc/raw/P29-354_3_fastqc.zip' as it matched the path_filters for 'FastQC (raw)'
[2025-03-11 15:51:12,430] multiqc.modules.base_module                        [DEBUG  ]  fastqc/zip - Skipping './fastqc/trim/C-354_3_trimmed_fastqc.zip' as it didn't match the path_filters for 'FastQC (raw)'
[2025-03-11 15:51:12,430] multiqc.modules.base_module                        [DEBUG  ]  fastqc/zip - Skipping './fastqc/trim/P29-354_2_trimmed_fastqc.zip' as it didn't match the path_filters for 'FastQC (raw)'
[2025-03-11 15:51:12,430] multiqc.modules.base_module                        [DEBUG  ]  fastqc/zip - Skipping './fastqc/trim/P29-215_1_trimmed_fastqc.zip' as it didn't match the path_filters for 'FastQC (raw)'
[2025-03-11 15:51:12,430] multiqc.modules.base_module                        [DEBUG  ]  fastqc/zip - Skipping './fastqc/trim/Q2-215_3_trimmed_fastqc.zip' as it didn't match the path_filters for 'FastQC (raw)'
[2025-03-11 15:51:12,430] multiqc.modules.base_module                        [DEBUG  ]  fastqc/zip - Skipping './fastqc/trim/P29-354_3_trimmed_fastqc.zip' as it didn't match the path_filters for 'FastQC (raw)'
[2025-03-11 15:51:12,430] multiqc.modules.base_module                        [DEBUG  ]  fastqc/zip - Skipping './fastqc/trim/P29-354_1_trimmed_fastqc.zip' as it didn't match the path_filters for 'FastQC (raw)'
[2025-03-11 15:51:12,430] multiqc.modules.base_module                        [DEBUG  ]  fastqc/zip - Skipping './fastqc/trim/P29-215_2_trimmed_fastqc.zip' as it didn't match the path_filters for 'FastQC (raw)'
[2025-03-11 15:51:12,430] multiqc.modules.base_module                        [DEBUG  ]  fastqc/zip - Skipping './fastqc/trim/C-215_3_trimmed_fastqc.zip' as it didn't match the path_filters for 'FastQC (raw)'
[2025-03-11 15:51:12,430] multiqc.modules.base_module                        [DEBUG  ]  fastqc/zip - Skipping './fastqc/trim/Q2-354_1_trimmed_fastqc.zip' as it didn't match the path_filters for 'FastQC (raw)'
[2025-03-11 15:51:12,430] multiqc.modules.base_module                        [DEBUG  ]  fastqc/zip - Skipping './fastqc/trim/C-215_1_trimmed_fastqc.zip' as it didn't match the path_filters for 'FastQC (raw)'
[2025-03-11 15:51:12,430] multiqc.modules.base_module                        [DEBUG  ]  fastqc/zip - Skipping './fastqc/trim/C-215_2_trimmed_fastqc.zip' as it didn't match the path_filters for 'FastQC (raw)'
[2025-03-11 15:51:12,430] multiqc.modules.base_module                        [DEBUG  ]  fastqc/zip - Skipping './fastqc/trim/C-354_2_trimmed_fastqc.zip' as it didn't match the path_filters for 'FastQC (raw)'
[2025-03-11 15:51:12,430] multiqc.modules.base_module                        [DEBUG  ]  fastqc/zip - Skipping './fastqc/trim/C-354_1_trimmed_fastqc.zip' as it didn't match the path_filters for 'FastQC (raw)'
[2025-03-11 15:51:12,430] multiqc.modules.base_module                        [DEBUG  ]  fastqc/zip - Skipping './fastqc/trim/Q2-354_2_trimmed_fastqc.zip' as it didn't match the path_filters for 'FastQC (raw)'
[2025-03-11 15:51:12,430] multiqc.modules.base_module                        [DEBUG  ]  fastqc/zip - Skipping './fastqc/trim/Q2-354_3_trimmed_fastqc.zip' as it didn't match the path_filters for 'FastQC (raw)'
[2025-03-11 15:51:12,430] multiqc.modules.base_module                        [DEBUG  ]  fastqc/zip - Skipping './fastqc/trim/Q2-215_2_trimmed_fastqc.zip' as it didn't match the path_filters for 'FastQC (raw)'
[2025-03-11 15:51:12,430] multiqc.modules.base_module                        [DEBUG  ]  fastqc/zip - Skipping './fastqc/trim/P29-215_3_trimmed_fastqc.zip' as it didn't match the path_filters for 'FastQC (raw)'
[2025-03-11 15:51:12,430] multiqc.modules.base_module                        [DEBUG  ]  fastqc/zip - Skipping './fastqc/trim/Q2-215_1_trimmed_fastqc.zip' as it didn't match the path_filters for 'FastQC (raw)'
[2025-03-11 15:51:12,430] multiqc.modules.fastqc.fastqc                      [INFO   ]  Found 18 reports
[2025-03-11 15:51:14,777] multiqc.modules.cutadapt.cutadapt                  [INFO   ]  Found 18 reports
[2025-03-11 15:51:15,559] multiqc.modules.base_module                        [DEBUG  ]  fastqc/zip - Skipping './fastqc/raw/P29-215_3_fastqc.zip' as it didn't match the path_filters for 'FastQC (trimmed)'
[2025-03-11 15:51:15,560] multiqc.modules.base_module                        [DEBUG  ]  fastqc/zip - Skipping './fastqc/raw/P29-354_2_fastqc.zip' as it didn't match the path_filters for 'FastQC (trimmed)'
[2025-03-11 15:51:15,560] multiqc.modules.base_module                        [DEBUG  ]  fastqc/zip - Skipping './fastqc/raw/P29-354_1_fastqc.zip' as it didn't match the path_filters for 'FastQC (trimmed)'
[2025-03-11 15:51:15,560] multiqc.modules.base_module                        [DEBUG  ]  fastqc/zip - Skipping './fastqc/raw/C-354_3_fastqc.zip' as it didn't match the path_filters for 'FastQC (trimmed)'
[2025-03-11 15:51:15,560] multiqc.modules.base_module                        [DEBUG  ]  fastqc/zip - Skipping './fastqc/raw/P29-215_1_fastqc.zip' as it didn't match the path_filters for 'FastQC (trimmed)'
[2025-03-11 15:51:15,560] multiqc.modules.base_module                        [DEBUG  ]  fastqc/zip - Skipping './fastqc/raw/Q2-215_2_fastqc.zip' as it didn't match the path_filters for 'FastQC (trimmed)'
[2025-03-11 15:51:15,560] multiqc.modules.base_module                        [DEBUG  ]  fastqc/zip - Skipping './fastqc/raw/C-354_2_fastqc.zip' as it didn't match the path_filters for 'FastQC (trimmed)'
[2025-03-11 15:51:15,560] multiqc.modules.base_module                        [DEBUG  ]  fastqc/zip - Skipping './fastqc/raw/Q2-215_3_fastqc.zip' as it didn't match the path_filters for 'FastQC (trimmed)'
[2025-03-11 15:51:15,560] multiqc.modules.base_module                        [DEBUG  ]  fastqc/zip - Skipping './fastqc/raw/Q2-354_2_fastqc.zip' as it didn't match the path_filters for 'FastQC (trimmed)'
[2025-03-11 15:51:15,560] multiqc.modules.base_module                        [DEBUG  ]  fastqc/zip - Skipping './fastqc/raw/C-215_1_fastqc.zip' as it didn't match the path_filters for 'FastQC (trimmed)'
[2025-03-11 15:51:15,560] multiqc.modules.base_module                        [DEBUG  ]  fastqc/zip - Skipping './fastqc/raw/C-354_1_fastqc.zip' as it didn't match the path_filters for 'FastQC (trimmed)'
[2025-03-11 15:51:15,560] multiqc.modules.base_module                        [DEBUG  ]  fastqc/zip - Skipping './fastqc/raw/Q2-354_3_fastqc.zip' as it didn't match the path_filters for 'FastQC (trimmed)'
[2025-03-11 15:51:15,560] multiqc.modules.base_module                        [DEBUG  ]  fastqc/zip - Skipping './fastqc/raw/Q2-215_1_fastqc.zip' as it didn't match the path_filters for 'FastQC (trimmed)'
[2025-03-11 15:51:15,560] multiqc.modules.base_module                        [DEBUG  ]  fastqc/zip - Skipping './fastqc/raw/C-215_2_fastqc.zip' as it didn't match the path_filters for 'FastQC (trimmed)'
[2025-03-11 15:51:15,560] multiqc.modules.base_module                        [DEBUG  ]  fastqc/zip - Skipping './fastqc/raw/C-215_3_fastqc.zip' as it didn't match the path_filters for 'FastQC (trimmed)'
[2025-03-11 15:51:15,560] multiqc.modules.base_module                        [DEBUG  ]  fastqc/zip - Skipping './fastqc/raw/P29-215_2_fastqc.zip' as it didn't match the path_filters for 'FastQC (trimmed)'
[2025-03-11 15:51:15,560] multiqc.modules.base_module                        [DEBUG  ]  fastqc/zip - Skipping './fastqc/raw/Q2-354_1_fastqc.zip' as it didn't match the path_filters for 'FastQC (trimmed)'
[2025-03-11 15:51:15,560] multiqc.modules.base_module                        [DEBUG  ]  fastqc/zip - Skipping './fastqc/raw/P29-354_3_fastqc.zip' as it didn't match the path_filters for 'FastQC (trimmed)'
[2025-03-11 15:51:15,560] multiqc.modules.base_module                        [DEBUG  ]  fastqc/zip - Selecting './fastqc/trim/C-354_3_trimmed_fastqc.zip' as it matched the path_filters for 'FastQC (trimmed)'
[2025-03-11 15:51:15,575] multiqc.modules.base_module                        [DEBUG  ]  fastqc/zip - Selecting './fastqc/trim/P29-354_2_trimmed_fastqc.zip' as it matched the path_filters for 'FastQC (trimmed)'
[2025-03-11 15:51:15,589] multiqc.modules.base_module                        [DEBUG  ]  fastqc/zip - Selecting './fastqc/trim/P29-215_1_trimmed_fastqc.zip' as it matched the path_filters for 'FastQC (trimmed)'
[2025-03-11 15:51:15,604] multiqc.modules.base_module                        [DEBUG  ]  fastqc/zip - Selecting './fastqc/trim/Q2-215_3_trimmed_fastqc.zip' as it matched the path_filters for 'FastQC (trimmed)'
[2025-03-11 15:51:15,619] multiqc.modules.base_module                        [DEBUG  ]  fastqc/zip - Selecting './fastqc/trim/P29-354_3_trimmed_fastqc.zip' as it matched the path_filters for 'FastQC (trimmed)'
[2025-03-11 15:51:15,633] multiqc.modules.base_module                        [DEBUG  ]  fastqc/zip - Selecting './fastqc/trim/P29-354_1_trimmed_fastqc.zip' as it matched the path_filters for 'FastQC (trimmed)'
[2025-03-11 15:51:15,647] multiqc.modules.base_module                        [DEBUG  ]  fastqc/zip - Selecting './fastqc/trim/P29-215_2_trimmed_fastqc.zip' as it matched the path_filters for 'FastQC (trimmed)'
[2025-03-11 15:51:15,662] multiqc.modules.base_module                        [DEBUG  ]  fastqc/zip - Selecting './fastqc/trim/C-215_3_trimmed_fastqc.zip' as it matched the path_filters for 'FastQC (trimmed)'
[2025-03-11 15:51:15,676] multiqc.modules.base_module                        [DEBUG  ]  fastqc/zip - Selecting './fastqc/trim/Q2-354_1_trimmed_fastqc.zip' as it matched the path_filters for 'FastQC (trimmed)'
[2025-03-11 15:51:15,692] multiqc.modules.base_module                        [DEBUG  ]  fastqc/zip - Selecting './fastqc/trim/C-215_1_trimmed_fastqc.zip' as it matched the path_filters for 'FastQC (trimmed)'
[2025-03-11 15:51:15,706] multiqc.modules.base_module                        [DEBUG  ]  fastqc/zip - Selecting './fastqc/trim/C-215_2_trimmed_fastqc.zip' as it matched the path_filters for 'FastQC (trimmed)'
[2025-03-11 15:51:15,723] multiqc.modules.base_module                        [DEBUG  ]  fastqc/zip - Selecting './fastqc/trim/C-354_2_trimmed_fastqc.zip' as it matched the path_filters for 'FastQC (trimmed)'
[2025-03-11 15:51:15,737] multiqc.modules.base_module                        [DEBUG  ]  fastqc/zip - Selecting './fastqc/trim/C-354_1_trimmed_fastqc.zip' as it matched the path_filters for 'FastQC (trimmed)'
[2025-03-11 15:51:15,751] multiqc.modules.base_module                        [DEBUG  ]  fastqc/zip - Selecting './fastqc/trim/Q2-354_2_trimmed_fastqc.zip' as it matched the path_filters for 'FastQC (trimmed)'
[2025-03-11 15:51:15,764] multiqc.modules.base_module                        [DEBUG  ]  fastqc/zip - Selecting './fastqc/trim/Q2-354_3_trimmed_fastqc.zip' as it matched the path_filters for 'FastQC (trimmed)'
[2025-03-11 15:51:15,778] multiqc.modules.base_module                        [DEBUG  ]  fastqc/zip - Selecting './fastqc/trim/Q2-215_2_trimmed_fastqc.zip' as it matched the path_filters for 'FastQC (trimmed)'
[2025-03-11 15:51:15,792] multiqc.modules.base_module                        [DEBUG  ]  fastqc/zip - Selecting './fastqc/trim/P29-215_3_trimmed_fastqc.zip' as it matched the path_filters for 'FastQC (trimmed)'
[2025-03-11 15:51:15,806] multiqc.modules.base_module                        [DEBUG  ]  fastqc/zip - Selecting './fastqc/trim/Q2-215_1_trimmed_fastqc.zip' as it matched the path_filters for 'FastQC (trimmed)'
[2025-03-11 15:51:15,819] multiqc.modules.fastqc.fastqc                      [INFO   ]  Found 18 reports
[2025-03-11 15:51:18,000] multiqc.utils.software_versions                    [DEBUG  ]  Reading software versions from config.software_versions
[2025-03-11 15:51:18,000] multiqc                                            [DEBUG  ]  Reordering sections: anchor 'nf-core-rnaseq-methods-description' not found for module 'STAR_SALMON DESeq2 sample similarity'.
[2025-03-11 15:51:18,000] multiqc                                            [DEBUG  ]  Reordering sections: anchor 'software_versions' not found for module 'STAR_SALMON DESeq2 sample similarity'.
[2025-03-11 15:51:18,000] multiqc                                            [DEBUG  ]  Reordering sections: anchor 'nf-core-rnaseq-summary' not found for module 'STAR_SALMON DESeq2 sample similarity'.
[2025-03-11 15:51:18,000] multiqc                                            [DEBUG  ]  Reordering sections: anchor 'nf-core-rnaseq-methods-description' not found for module 'STAR_SALMON DESeq2 PCA plot'.
[2025-03-11 15:51:18,000] multiqc                                            [DEBUG  ]  Reordering sections: anchor 'software_versions' not found for module 'STAR_SALMON DESeq2 PCA plot'.
[2025-03-11 15:51:18,000] multiqc                                            [DEBUG  ]  Reordering sections: anchor 'nf-core-rnaseq-summary' not found for module 'STAR_SALMON DESeq2 PCA plot'.
[2025-03-11 15:51:18,000] multiqc                                            [DEBUG  ]  Reordering sections: anchor 'nf-core-rnaseq-methods-description' not found for module 'DupRadar'.
[2025-03-11 15:51:18,000] multiqc                                            [DEBUG  ]  Reordering sections: anchor 'software_versions' not found for module 'DupRadar'.
[2025-03-11 15:51:18,000] multiqc                                            [DEBUG  ]  Reordering sections: anchor 'nf-core-rnaseq-summary' not found for module 'DupRadar'.
[2025-03-11 15:51:18,000] multiqc                                            [DEBUG  ]  Reordering sections: anchor 'nf-core-rnaseq-methods-description' not found for module 'Picard'.
[2025-03-11 15:51:18,000] multiqc                                            [DEBUG  ]  Reordering sections: anchor 'software_versions' not found for module 'Picard'.
[2025-03-11 15:51:18,000] multiqc                                            [DEBUG  ]  Reordering sections: anchor 'nf-core-rnaseq-summary' not found for module 'Picard'.
[2025-03-11 15:51:18,001] multiqc                                            [DEBUG  ]  Reordering sections: anchor 'nf-core-rnaseq-methods-description' not found for module 'QualiMap'.
[2025-03-11 15:51:18,001] multiqc                                            [DEBUG  ]  Reordering sections: anchor 'software_versions' not found for module 'QualiMap'.
[2025-03-11 15:51:18,001] multiqc                                            [DEBUG  ]  Reordering sections: anchor 'nf-core-rnaseq-summary' not found for module 'QualiMap'.
[2025-03-11 15:51:18,001] multiqc                                            [DEBUG  ]  Reordering sections: anchor 'nf-core-rnaseq-methods-description' not found for module 'RSeQC'.
[2025-03-11 15:51:18,001] multiqc                                            [DEBUG  ]  Reordering sections: anchor 'software_versions' not found for module 'RSeQC'.
[2025-03-11 15:51:18,001] multiqc                                            [DEBUG  ]  Reordering sections: anchor 'nf-core-rnaseq-summary' not found for module 'RSeQC'.
[2025-03-11 15:51:18,001] multiqc                                            [DEBUG  ]  Reordering sections: anchor 'nf-core-rnaseq-methods-description' not found for module 'Samtools'.
[2025-03-11 15:51:18,001] multiqc                                            [DEBUG  ]  Reordering sections: anchor 'software_versions' not found for module 'Samtools'.
[2025-03-11 15:51:18,001] multiqc                                            [DEBUG  ]  Reordering sections: anchor 'nf-core-rnaseq-summary' not found for module 'Samtools'.
[2025-03-11 15:51:18,001] multiqc                                            [DEBUG  ]  Reordering sections: anchor 'nf-core-rnaseq-methods-description' not found for module 'STAR'.
[2025-03-11 15:51:18,001] multiqc                                            [DEBUG  ]  Reordering sections: anchor 'software_versions' not found for module 'STAR'.
[2025-03-11 15:51:18,001] multiqc                                            [DEBUG  ]  Reordering sections: anchor 'nf-core-rnaseq-summary' not found for module 'STAR'.
[2025-03-11 15:51:18,001] multiqc                                            [DEBUG  ]  Reordering sections: anchor 'nf-core-rnaseq-methods-description' not found for module 'FastQC (raw)'.
[2025-03-11 15:51:18,001] multiqc                                            [DEBUG  ]  Reordering sections: anchor 'software_versions' not found for module 'FastQC (raw)'.
[2025-03-11 15:51:18,001] multiqc                                            [DEBUG  ]  Reordering sections: anchor 'nf-core-rnaseq-summary' not found for module 'FastQC (raw)'.
[2025-03-11 15:51:18,001] multiqc                                            [DEBUG  ]  Reordering sections: anchor 'nf-core-rnaseq-methods-description' not found for module 'Cutadapt'.
[2025-03-11 15:51:18,001] multiqc                                            [DEBUG  ]  Reordering sections: anchor 'software_versions' not found for module 'Cutadapt'.
[2025-03-11 15:51:18,001] multiqc                                            [DEBUG  ]  Reordering sections: anchor 'nf-core-rnaseq-summary' not found for module 'Cutadapt'.
[2025-03-11 15:51:18,001] multiqc                                            [DEBUG  ]  Reordering sections: anchor 'nf-core-rnaseq-methods-description' not found for module 'FastQC (trimmed)'.
[2025-03-11 15:51:18,001] multiqc                                            [DEBUG  ]  Reordering sections: anchor 'software_versions' not found for module 'FastQC (trimmed)'.
[2025-03-11 15:51:18,001] multiqc                                            [DEBUG  ]  Reordering sections: anchor 'nf-core-rnaseq-summary' not found for module 'FastQC (trimmed)'.
[2025-03-11 15:51:18,001] multiqc                                            [DEBUG  ]  Reordering sections: anchor 'nf-core-rnaseq-methods-description' not found for module 'nf-core/rnaseq Methods Description'.
[2025-03-11 15:51:18,001] multiqc                                            [DEBUG  ]  Reordering sections: anchor 'software_versions' not found for module 'nf-core/rnaseq Methods Description'.
[2025-03-11 15:51:18,001] multiqc                                            [DEBUG  ]  Reordering sections: anchor 'nf-core-rnaseq-summary' not found for module 'nf-core/rnaseq Methods Description'.
[2025-03-11 15:51:18,001] multiqc                                            [DEBUG  ]  Reordering sections: anchor 'nf-core-rnaseq-methods-description' not found for module 'nf-core/rnaseq Software Versions'.
[2025-03-11 15:51:18,001] multiqc                                            [DEBUG  ]  Reordering sections: anchor 'software_versions' not found for module 'nf-core/rnaseq Software Versions'.
[2025-03-11 15:51:18,001] multiqc                                            [DEBUG  ]  Reordering sections: anchor 'nf-core-rnaseq-summary' not found for module 'nf-core/rnaseq Software Versions'.
[2025-03-11 15:51:18,001] multiqc                                            [DEBUG  ]  Reordering sections: anchor 'nf-core-rnaseq-methods-description' not found for module 'nf-core/rnaseq Workflow Summary'.
[2025-03-11 15:51:18,001] multiqc                                            [DEBUG  ]  Reordering sections: anchor 'software_versions' not found for module 'nf-core/rnaseq Workflow Summary'.
[2025-03-11 15:51:18,001] multiqc                                            [DEBUG  ]  Reordering sections: anchor 'nf-core-rnaseq-summary' not found for module 'nf-core/rnaseq Workflow Summary'.
[2025-03-11 15:51:18,029] multiqc                                            [DEBUG  ]  Compressing plot data
[2025-03-11 15:51:18,821] multiqc                                            [INFO   ]  Report      : multiqc_report.html
[2025-03-11 15:51:18,821] multiqc                                            [INFO   ]  Data        : multiqc_report_data
[2025-03-11 15:51:18,821] multiqc                                            [DEBUG  ]  Moving data file from '/tmp/tmpedpy91gz/multiqc_data' to '/home/jaime/work/5f/175b5cc37ac610ad90fb2058efb19c/multiqc_report_data'
[2025-03-11 15:51:18,827] multiqc                                            [DEBUG  ]  Full report path: /home/jaime/work/5f/175b5cc37ac610ad90fb2058efb19c/multiqc_report.html
[2025-03-11 15:51:18,827] multiqc                                            [INFO   ]  Plots       : multiqc_report_plots
[2025-03-11 15:51:18,827] multiqc                                            [DEBUG  ]  Moving plots directory from '/tmp/tmpedpy91gz/multiqc_plots' to '/home/jaime/work/5f/175b5cc37ac610ad90fb2058efb19c/multiqc_report_plots'
[2025-03-11 15:51:18,865] multiqc                                            [INFO   ]  MultiQC complete
